c:\users\pwilt\source\repos\gameengine\gameengine\debug\vc142.pdb
c:\users\pwilt\source\repos\gameengine\gameengine\debug\vc142.idb
c:\users\pwilt\source\repos\gameengine\gameengine\debug\texturemanager.obj
c:\users\pwilt\source\repos\gameengine\gameengine\debug\map.obj
c:\users\pwilt\source\repos\gameengine\gameengine\debug\main.obj
c:\users\pwilt\source\repos\gameengine\gameengine\debug\layermatrix.obj
c:\users\pwilt\source\repos\gameengine\gameengine\debug\game.obj
c:\users\pwilt\source\repos\gameengine\gameengine\debug\fontmanager.obj
c:\users\pwilt\source\repos\gameengine\gameengine\debug\entitymanager.obj
c:\users\pwilt\source\repos\gameengine\gameengine\debug\entity.obj
c:\users\pwilt\source\repos\gameengine\gameengine\debug\colors.obj
c:\users\pwilt\source\repos\gameengine\gameengine\debug\collision.obj
c:\users\pwilt\source\repos\gameengine\gameengine\debug\assetmanager.obj
c:\users\pwilt\source\repos\gameengine\gameengine\debug\animation.obj
c:\users\pwilt\source\repos\gameengine\gameengine\debug\imgui_widgets.obj
c:\users\pwilt\source\repos\gameengine\gameengine\debug\imgui_sdl.obj
c:\users\pwilt\source\repos\gameengine\gameengine\debug\imgui_draw.obj
c:\users\pwilt\source\repos\gameengine\gameengine\debug\imgui_demo.obj
c:\users\pwilt\source\repos\gameengine\gameengine\debug\imgui.obj
c:\users\pwilt\source\repos\gameengine\gameengine\debug\glm.obj
c:\users\pwilt\source\repos\gameengine\debug\gameengine.pdb
c:\users\pwilt\source\repos\gameengine\gameengine\debug\gameengine.tlog\cl.command.1.tlog
c:\users\pwilt\source\repos\gameengine\gameengine\debug\gameengine.tlog\cl.read.1.tlog
c:\users\pwilt\source\repos\gameengine\gameengine\debug\gameengine.tlog\cl.write.1.tlog
c:\users\pwilt\source\repos\gameengine\gameengine\debug\gameengine.tlog\link-cvtres.read.1.tlog
c:\users\pwilt\source\repos\gameengine\gameengine\debug\gameengine.tlog\link-cvtres.write.1.tlog
c:\users\pwilt\source\repos\gameengine\gameengine\debug\gameengine.tlog\link-rc.read.1.tlog
c:\users\pwilt\source\repos\gameengine\gameengine\debug\gameengine.tlog\link-rc.write.1.tlog
c:\users\pwilt\source\repos\gameengine\gameengine\debug\gameengine.tlog\link.command.1.tlog
c:\users\pwilt\source\repos\gameengine\gameengine\debug\gameengine.tlog\link.read.1.tlog
c:\users\pwilt\source\repos\gameengine\gameengine\debug\gameengine.tlog\link.write.1.tlog
