  AssetManager.cpp
  Collision.cpp
C:\Users\pwilt\source\repos\gameEngine\gameEngine\src\Components\ColliderComponent.h(24,42): warning C4244: 'return': conversion from 'const int' to 'float', possible loss of data
C:\Users\pwilt\source\repos\gameEngine\gameEngine\src\Components\ColliderComponent.h(25,42): warning C4244: 'return': conversion from 'const int' to 'float', possible loss of data
C:\Users\pwilt\source\repos\gameEngine\gameEngine\src\Components\ColliderComponent.h(26,42): warning C4244: 'return': conversion from 'const int' to 'float', possible loss of data
C:\Users\pwilt\source\repos\gameEngine\gameEngine\src\Components\ColliderComponent.h(27,42): warning C4244: 'return': conversion from 'const int' to 'float', possible loss of data
  Entity.cpp
  EntityManager.cpp
C:\Users\pwilt\source\repos\gameEngine\gameEngine\src\Components\ColliderComponent.h(24,42): warning C4244: 'return': conversion from 'const int' to 'float', possible loss of data
C:\Users\pwilt\source\repos\gameEngine\gameEngine\src\Components\ColliderComponent.h(25,42): warning C4244: 'return': conversion from 'const int' to 'float', possible loss of data
C:\Users\pwilt\source\repos\gameEngine\gameEngine\src\Components\ColliderComponent.h(26,42): warning C4244: 'return': conversion from 'const int' to 'float', possible loss of data
C:\Users\pwilt\source\repos\gameEngine\gameEngine\src\Components\ColliderComponent.h(27,42): warning C4244: 'return': conversion from 'const int' to 'float', possible loss of data
C:\Users\pwilt\source\repos\gameEngine\gameEngine\src\EntityManager.cpp(88,21): warning C4018: '<': signed/unsigned mismatch
  FontManager.cpp
  Game.cpp
C:\Users\pwilt\source\repos\gameEngine\gameEngine\src\Components\ColliderComponent.h(24,42): warning C4244: 'return': conversion from 'const int' to 'float', possible loss of data
C:\Users\pwilt\source\repos\gameEngine\gameEngine\src\Components\ColliderComponent.h(25,42): warning C4244: 'return': conversion from 'const int' to 'float', possible loss of data
C:\Users\pwilt\source\repos\gameEngine\gameEngine\src\Components\ColliderComponent.h(26,42): warning C4244: 'return': conversion from 'const int' to 'float', possible loss of data
C:\Users\pwilt\source\repos\gameEngine\gameEngine\src\Components\ColliderComponent.h(27,42): warning C4244: 'return': conversion from 'const int' to 'float', possible loss of data
C:\Users\pwilt\source\repos\gameEngine\gameEngine\src\Game.cpp(160,67): warning C4244: '=': conversion from 'T' to 'int', possible loss of data
          with
          [
              T=float
          ]
C:\Users\pwilt\source\repos\gameEngine\gameEngine\src\Game.cpp(161,67): warning C4244: '=': conversion from 'T' to 'int', possible loss of data
          with
          [
              T=float
          ]
  LayerMatrix.cpp
C:\Users\pwilt\source\repos\gameEngine\gameEngine\src\LayerMatrix.cpp(55,19): warning C4018: '>=': signed/unsigned mismatch
  Main.cpp
  Map.cpp
C:\Users\pwilt\source\repos\gameEngine\gameEngine\src\Components\TileComponent.h(31,16): warning C4244: '=': conversion from 'int' to 'T', possible loss of data
          with
          [
              T=float
          ]
C:\Users\pwilt\source\repos\gameEngine\gameEngine\src\Components\TileComponent.h(32,16): warning C4244: '=': conversion from 'int' to 'T', possible loss of data
          with
          [
              T=float
          ]
C:\Users\pwilt\source\repos\gameEngine\gameEngine\src\Components\TileComponent.h(41,39): warning C4244: '=': conversion from 'T' to 'int', possible loss of data
          with
          [
              T=float
          ]
C:\Users\pwilt\source\repos\gameEngine\gameEngine\src\Components\TileComponent.h(42,39): warning C4244: '=': conversion from 'T' to 'int', possible loss of data
          with
          [
              T=float
          ]
  TextureManager.cpp
  Generating Code...
C:\Users\pwilt\source\repos\gameEngine\gameEngine\src\LayerMatrix.cpp(21): warning C4715: 'LayerMatrix::LayerNameToString': not all control paths return a value
C:\Users\pwilt\source\repos\gameEngine\gameEngine\src\EntityManager.cpp(110): warning C4715: 'EntityManager::CheckEntityCollisions': not all control paths return a value
  gameEngine.vcxproj -> C:\Users\pwilt\source\repos\gameEngine\Debug\gameEngine.exe
