  glm.cpp
  imgui.cpp
  imgui_demo.cpp
  imgui_draw.cpp
  imgui_sdl.cpp
C:\Users\pwilt\source\repos\gameEngine\gameEngine\libs\imgui\imgui_sdl.cpp(6,10): fatal error C1083: Cannot open include file: 'SDL2/SDL.h': No such file or directory
  imgui_widgets.cpp
  Animation.cpp
  AssetManager.cpp
C:\Users\pwilt\source\repos\gameEngine\gameEngine\src\Colors.h(39,34): error C7525: inline variables require at least '/std:c++17'
C:\Users\pwilt\source\repos\gameEngine\gameEngine\src\Colors.h(39,60): error C2864: 'Color::Red': a static data member with an in-class initializer must have non-volatile const integral type or be specified as 'inline'
C:\Users\pwilt\source\repos\gameEngine\gameEngine\src\Colors.h(39,60): message : type is 'const ColorValues'
C:\Users\pwilt\source\repos\gameEngine\gameEngine\src\Colors.h(40,34): error C7525: inline variables require at least '/std:c++17'
C:\Users\pwilt\source\repos\gameEngine\gameEngine\src\Colors.h(40,60): error C2864: 'Color::Blue': a static data member with an in-class initializer must have non-volatile const integral type or be specified as 'inline'
C:\Users\pwilt\source\repos\gameEngine\gameEngine\src\Colors.h(40,60): message : type is 'const ColorValues'
C:\Users\pwilt\source\repos\gameEngine\gameEngine\src\Colors.h(41,34): error C7525: inline variables require at least '/std:c++17'
C:\Users\pwilt\source\repos\gameEngine\gameEngine\src\Colors.h(41,60): error C2864: 'Color::Green': a static data member with an in-class initializer must have non-volatile const integral type or be specified as 'inline'
C:\Users\pwilt\source\repos\gameEngine\gameEngine\src\Colors.h(41,60): message : type is 'const ColorValues'
C:\Users\pwilt\source\repos\gameEngine\gameEngine\src\Colors.h(42,34): error C7525: inline variables require at least '/std:c++17'
C:\Users\pwilt\source\repos\gameEngine\gameEngine\src\Colors.h(42,58): error C2864: 'Color::Black': a static data member with an in-class initializer must have non-volatile const integral type or be specified as 'inline'
C:\Users\pwilt\source\repos\gameEngine\gameEngine\src\Colors.h(42,58): message : type is 'const ColorValues'
C:\Users\pwilt\source\repos\gameEngine\gameEngine\src\Colors.h(43,34): error C7525: inline variables require at least '/std:c++17'
C:\Users\pwilt\source\repos\gameEngine\gameEngine\src\Colors.h(43,62): error C2864: 'Color::Yellow': a static data member with an in-class initializer must have non-volatile const integral type or be specified as 'inline'
C:\Users\pwilt\source\repos\gameEngine\gameEngine\src\Colors.h(43,62): message : type is 'const ColorValues'
C:\Users\pwilt\source\repos\gameEngine\gameEngine\src\Colors.h(44,34): error C7525: inline variables require at least '/std:c++17'
C:\Users\pwilt\source\repos\gameEngine\gameEngine\src\Colors.h(44,64): error C2864: 'Color::White': a static data member with an in-class initializer must have non-volatile const integral type or be specified as 'inline'
C:\Users\pwilt\source\repos\gameEngine\gameEngine\src\Colors.h(44,64): message : type is 'const ColorValues'
C:\Users\pwilt\source\repos\gameEngine\gameEngine\src\Colors.h(45,34): error C7525: inline variables require at least '/std:c++17'
C:\Users\pwilt\source\repos\gameEngine\gameEngine\src\Colors.h(45,64): error C2864: 'Color::Grey': a static data member with an in-class initializer must have non-volatile const integral type or be specified as 'inline'
C:\Users\pwilt\source\repos\gameEngine\gameEngine\src\Colors.h(45,64): message : type is 'const ColorValues'
C:\Users\pwilt\source\repos\gameEngine\gameEngine\src\EntityManager.h(11,38): error C7525: inline variables require at least '/std:c++17'
  Collision.cpp
C:\Users\pwilt\source\repos\gameEngine\gameEngine\src\Colors.h(39,34): error C7525: inline variables require at least '/std:c++17'
C:\Users\pwilt\source\repos\gameEngine\gameEngine\src\Colors.h(39,60): error C2864: 'Color::Red': a static data member with an in-class initializer must have non-volatile const integral type or be specified as 'inline'
C:\Users\pwilt\source\repos\gameEngine\gameEngine\src\Colors.h(39,60): message : type is 'const ColorValues'
C:\Users\pwilt\source\repos\gameEngine\gameEngine\src\Colors.h(40,34): error C7525: inline variables require at least '/std:c++17'
C:\Users\pwilt\source\repos\gameEngine\gameEngine\src\Colors.h(40,60): error C2864: 'Color::Blue': a static data member with an in-class initializer must have non-volatile const integral type or be specified as 'inline'
C:\Users\pwilt\source\repos\gameEngine\gameEngine\src\Colors.h(40,60): message : type is 'const ColorValues'
C:\Users\pwilt\source\repos\gameEngine\gameEngine\src\Colors.h(41,34): error C7525: inline variables require at least '/std:c++17'
C:\Users\pwilt\source\repos\gameEngine\gameEngine\src\Colors.h(41,60): error C2864: 'Color::Green': a static data member with an in-class initializer must have non-volatile const integral type or be specified as 'inline'
C:\Users\pwilt\source\repos\gameEngine\gameEngine\src\Colors.h(41,60): message : type is 'const ColorValues'
C:\Users\pwilt\source\repos\gameEngine\gameEngine\src\Colors.h(42,34): error C7525: inline variables require at least '/std:c++17'
C:\Users\pwilt\source\repos\gameEngine\gameEngine\src\Colors.h(42,58): error C2864: 'Color::Black': a static data member with an in-class initializer must have non-volatile const integral type or be specified as 'inline'
C:\Users\pwilt\source\repos\gameEngine\gameEngine\src\Colors.h(42,58): message : type is 'const ColorValues'
C:\Users\pwilt\source\repos\gameEngine\gameEngine\src\Colors.h(43,34): error C7525: inline variables require at least '/std:c++17'
C:\Users\pwilt\source\repos\gameEngine\gameEngine\src\Colors.h(43,62): error C2864: 'Color::Yellow': a static data member with an in-class initializer must have non-volatile const integral type or be specified as 'inline'
C:\Users\pwilt\source\repos\gameEngine\gameEngine\src\Colors.h(43,62): message : type is 'const ColorValues'
C:\Users\pwilt\source\repos\gameEngine\gameEngine\src\Colors.h(44,34): error C7525: inline variables require at least '/std:c++17'
C:\Users\pwilt\source\repos\gameEngine\gameEngine\src\Colors.h(44,64): error C2864: 'Color::White': a static data member with an in-class initializer must have non-volatile const integral type or be specified as 'inline'
C:\Users\pwilt\source\repos\gameEngine\gameEngine\src\Colors.h(44,64): message : type is 'const ColorValues'
C:\Users\pwilt\source\repos\gameEngine\gameEngine\src\Colors.h(45,34): error C7525: inline variables require at least '/std:c++17'
C:\Users\pwilt\source\repos\gameEngine\gameEngine\src\Colors.h(45,64): error C2864: 'Color::Grey': a static data member with an in-class initializer must have non-volatile const integral type or be specified as 'inline'
C:\Users\pwilt\source\repos\gameEngine\gameEngine\src\Colors.h(45,64): message : type is 'const ColorValues'
C:\Users\pwilt\source\repos\gameEngine\gameEngine\src\EntityManager.h(11,38): error C7525: inline variables require at least '/std:c++17'
C:\Users\pwilt\source\repos\gameEngine\gameEngine\src\Components\ColliderComponent.h(24,42): warning C4244: 'return': conversion from 'const int' to 'float', possible loss of data
C:\Users\pwilt\source\repos\gameEngine\gameEngine\src\Components\ColliderComponent.h(25,42): warning C4244: 'return': conversion from 'const int' to 'float', possible loss of data
C:\Users\pwilt\source\repos\gameEngine\gameEngine\src\Components\ColliderComponent.h(26,42): warning C4244: 'return': conversion from 'const int' to 'float', possible loss of data
C:\Users\pwilt\source\repos\gameEngine\gameEngine\src\Components\ColliderComponent.h(27,42): warning C4244: 'return': conversion from 'const int' to 'float', possible loss of data
  Entity.cpp
C:\Users\pwilt\source\repos\gameEngine\gameEngine\src\Colors.h(39,34): error C7525: inline variables require at least '/std:c++17'
C:\Users\pwilt\source\repos\gameEngine\gameEngine\src\Colors.h(39,60): error C2864: 'Color::Red': a static data member with an in-class initializer must have non-volatile const integral type or be specified as 'inline'
C:\Users\pwilt\source\repos\gameEngine\gameEngine\src\Colors.h(39,60): message : type is 'const ColorValues'
C:\Users\pwilt\source\repos\gameEngine\gameEngine\src\Colors.h(40,34): error C7525: inline variables require at least '/std:c++17'
C:\Users\pwilt\source\repos\gameEngine\gameEngine\src\Colors.h(40,60): error C2864: 'Color::Blue': a static data member with an in-class initializer must have non-volatile const integral type or be specified as 'inline'
C:\Users\pwilt\source\repos\gameEngine\gameEngine\src\Colors.h(40,60): message : type is 'const ColorValues'
C:\Users\pwilt\source\repos\gameEngine\gameEngine\src\Colors.h(41,34): error C7525: inline variables require at least '/std:c++17'
C:\Users\pwilt\source\repos\gameEngine\gameEngine\src\Colors.h(41,60): error C2864: 'Color::Green': a static data member with an in-class initializer must have non-volatile const integral type or be specified as 'inline'
C:\Users\pwilt\source\repos\gameEngine\gameEngine\src\Colors.h(41,60): message : type is 'const ColorValues'
C:\Users\pwilt\source\repos\gameEngine\gameEngine\src\Colors.h(42,34): error C7525: inline variables require at least '/std:c++17'
C:\Users\pwilt\source\repos\gameEngine\gameEngine\src\Colors.h(42,58): error C2864: 'Color::Black': a static data member with an in-class initializer must have non-volatile const integral type or be specified as 'inline'
C:\Users\pwilt\source\repos\gameEngine\gameEngine\src\Colors.h(42,58): message : type is 'const ColorValues'
C:\Users\pwilt\source\repos\gameEngine\gameEngine\src\Colors.h(43,34): error C7525: inline variables require at least '/std:c++17'
C:\Users\pwilt\source\repos\gameEngine\gameEngine\src\Colors.h(43,62): error C2864: 'Color::Yellow': a static data member with an in-class initializer must have non-volatile const integral type or be specified as 'inline'
C:\Users\pwilt\source\repos\gameEngine\gameEngine\src\Colors.h(43,62): message : type is 'const ColorValues'
C:\Users\pwilt\source\repos\gameEngine\gameEngine\src\Colors.h(44,34): error C7525: inline variables require at least '/std:c++17'
C:\Users\pwilt\source\repos\gameEngine\gameEngine\src\Colors.h(44,64): error C2864: 'Color::White': a static data member with an in-class initializer must have non-volatile const integral type or be specified as 'inline'
C:\Users\pwilt\source\repos\gameEngine\gameEngine\src\Colors.h(44,64): message : type is 'const ColorValues'
C:\Users\pwilt\source\repos\gameEngine\gameEngine\src\Colors.h(45,34): error C7525: inline variables require at least '/std:c++17'
C:\Users\pwilt\source\repos\gameEngine\gameEngine\src\Colors.h(45,64): error C2864: 'Color::Grey': a static data member with an in-class initializer must have non-volatile const integral type or be specified as 'inline'
C:\Users\pwilt\source\repos\gameEngine\gameEngine\src\Colors.h(45,64): message : type is 'const ColorValues'
C:\Users\pwilt\source\repos\gameEngine\gameEngine\src\EntityManager.h(11,38): error C7525: inline variables require at least '/std:c++17'
  EntityManager.cpp
C:\Users\pwilt\source\repos\gameEngine\gameEngine\src\Colors.h(39,34): error C7525: inline variables require at least '/std:c++17'
C:\Users\pwilt\source\repos\gameEngine\gameEngine\src\Colors.h(39,60): error C2864: 'Color::Red': a static data member with an in-class initializer must have non-volatile const integral type or be specified as 'inline'
C:\Users\pwilt\source\repos\gameEngine\gameEngine\src\Colors.h(39,60): message : type is 'const ColorValues'
C:\Users\pwilt\source\repos\gameEngine\gameEngine\src\Colors.h(40,34): error C7525: inline variables require at least '/std:c++17'
C:\Users\pwilt\source\repos\gameEngine\gameEngine\src\Colors.h(40,60): error C2864: 'Color::Blue': a static data member with an in-class initializer must have non-volatile const integral type or be specified as 'inline'
C:\Users\pwilt\source\repos\gameEngine\gameEngine\src\Colors.h(40,60): message : type is 'const ColorValues'
C:\Users\pwilt\source\repos\gameEngine\gameEngine\src\Colors.h(41,34): error C7525: inline variables require at least '/std:c++17'
C:\Users\pwilt\source\repos\gameEngine\gameEngine\src\Colors.h(41,60): error C2864: 'Color::Green': a static data member with an in-class initializer must have non-volatile const integral type or be specified as 'inline'
C:\Users\pwilt\source\repos\gameEngine\gameEngine\src\Colors.h(41,60): message : type is 'const ColorValues'
C:\Users\pwilt\source\repos\gameEngine\gameEngine\src\Colors.h(42,34): error C7525: inline variables require at least '/std:c++17'
C:\Users\pwilt\source\repos\gameEngine\gameEngine\src\Colors.h(42,58): error C2864: 'Color::Black': a static data member with an in-class initializer must have non-volatile const integral type or be specified as 'inline'
C:\Users\pwilt\source\repos\gameEngine\gameEngine\src\Colors.h(42,58): message : type is 'const ColorValues'
C:\Users\pwilt\source\repos\gameEngine\gameEngine\src\Colors.h(43,34): error C7525: inline variables require at least '/std:c++17'
C:\Users\pwilt\source\repos\gameEngine\gameEngine\src\Colors.h(43,62): error C2864: 'Color::Yellow': a static data member with an in-class initializer must have non-volatile const integral type or be specified as 'inline'
C:\Users\pwilt\source\repos\gameEngine\gameEngine\src\Colors.h(43,62): message : type is 'const ColorValues'
C:\Users\pwilt\source\repos\gameEngine\gameEngine\src\Colors.h(44,34): error C7525: inline variables require at least '/std:c++17'
C:\Users\pwilt\source\repos\gameEngine\gameEngine\src\Colors.h(44,64): error C2864: 'Color::White': a static data member with an in-class initializer must have non-volatile const integral type or be specified as 'inline'
C:\Users\pwilt\source\repos\gameEngine\gameEngine\src\Colors.h(44,64): message : type is 'const ColorValues'
C:\Users\pwilt\source\repos\gameEngine\gameEngine\src\Colors.h(45,34): error C7525: inline variables require at least '/std:c++17'
C:\Users\pwilt\source\repos\gameEngine\gameEngine\src\Colors.h(45,64): error C2864: 'Color::Grey': a static data member with an in-class initializer must have non-volatile const integral type or be specified as 'inline'
C:\Users\pwilt\source\repos\gameEngine\gameEngine\src\Colors.h(45,64): message : type is 'const ColorValues'
C:\Users\pwilt\source\repos\gameEngine\gameEngine\src\EntityManager.h(11,38): error C7525: inline variables require at least '/std:c++17'
C:\Users\pwilt\source\repos\gameEngine\gameEngine\src\Components\ColliderComponent.h(24,42): warning C4244: 'return': conversion from 'const int' to 'float', possible loss of data
C:\Users\pwilt\source\repos\gameEngine\gameEngine\src\Components\ColliderComponent.h(25,42): warning C4244: 'return': conversion from 'const int' to 'float', possible loss of data
C:\Users\pwilt\source\repos\gameEngine\gameEngine\src\Components\ColliderComponent.h(26,42): warning C4244: 'return': conversion from 'const int' to 'float', possible loss of data
C:\Users\pwilt\source\repos\gameEngine\gameEngine\src\Components\ColliderComponent.h(27,42): warning C4244: 'return': conversion from 'const int' to 'float', possible loss of data
C:\Users\pwilt\source\repos\gameEngine\gameEngine\src\LayerMatrix.h(23,30): error C7525: inline variables require at least '/std:c++17'
C:\Users\pwilt\source\repos\gameEngine\gameEngine\src\LayerMatrix.h(23,84): error C2864: 'LayerMatrix::matrixCheckBoxArray2D': a static data member with an in-class initializer must have non-volatile const integral type or be specified as 'inline'
C:\Users\pwilt\source\repos\gameEngine\gameEngine\src\LayerMatrix.h(23,84): message : type is 'std::string **'
C:\Users\pwilt\source\repos\gameEngine\gameEngine\src\EntityManager.cpp(58,24): warning C4267: 'return': conversion from 'size_t' to 'unsigned int', possible loss of data
  FontManager.cpp
C:\Users\pwilt\source\repos\gameEngine\gameEngine\src\Colors.h(39,34): error C7525: inline variables require at least '/std:c++17'
C:\Users\pwilt\source\repos\gameEngine\gameEngine\src\Colors.h(39,60): error C2864: 'Color::Red': a static data member with an in-class initializer must have non-volatile const integral type or be specified as 'inline'
C:\Users\pwilt\source\repos\gameEngine\gameEngine\src\Colors.h(39,60): message : type is 'const ColorValues'
C:\Users\pwilt\source\repos\gameEngine\gameEngine\src\Colors.h(40,34): error C7525: inline variables require at least '/std:c++17'
C:\Users\pwilt\source\repos\gameEngine\gameEngine\src\Colors.h(40,60): error C2864: 'Color::Blue': a static data member with an in-class initializer must have non-volatile const integral type or be specified as 'inline'
C:\Users\pwilt\source\repos\gameEngine\gameEngine\src\Colors.h(40,60): message : type is 'const ColorValues'
C:\Users\pwilt\source\repos\gameEngine\gameEngine\src\Colors.h(41,34): error C7525: inline variables require at least '/std:c++17'
C:\Users\pwilt\source\repos\gameEngine\gameEngine\src\Colors.h(41,60): error C2864: 'Color::Green': a static data member with an in-class initializer must have non-volatile const integral type or be specified as 'inline'
C:\Users\pwilt\source\repos\gameEngine\gameEngine\src\Colors.h(41,60): message : type is 'const ColorValues'
C:\Users\pwilt\source\repos\gameEngine\gameEngine\src\Colors.h(42,34): error C7525: inline variables require at least '/std:c++17'
C:\Users\pwilt\source\repos\gameEngine\gameEngine\src\Colors.h(42,58): error C2864: 'Color::Black': a static data member with an in-class initializer must have non-volatile const integral type or be specified as 'inline'
C:\Users\pwilt\source\repos\gameEngine\gameEngine\src\Colors.h(42,58): message : type is 'const ColorValues'
C:\Users\pwilt\source\repos\gameEngine\gameEngine\src\Colors.h(43,34): error C7525: inline variables require at least '/std:c++17'
C:\Users\pwilt\source\repos\gameEngine\gameEngine\src\Colors.h(43,62): error C2864: 'Color::Yellow': a static data member with an in-class initializer must have non-volatile const integral type or be specified as 'inline'
C:\Users\pwilt\source\repos\gameEngine\gameEngine\src\Colors.h(43,62): message : type is 'const ColorValues'
C:\Users\pwilt\source\repos\gameEngine\gameEngine\src\Colors.h(44,34): error C7525: inline variables require at least '/std:c++17'
C:\Users\pwilt\source\repos\gameEngine\gameEngine\src\Colors.h(44,64): error C2864: 'Color::White': a static data member with an in-class initializer must have non-volatile const integral type or be specified as 'inline'
C:\Users\pwilt\source\repos\gameEngine\gameEngine\src\Colors.h(44,64): message : type is 'const ColorValues'
C:\Users\pwilt\source\repos\gameEngine\gameEngine\src\Colors.h(45,34): error C7525: inline variables require at least '/std:c++17'
C:\Users\pwilt\source\repos\gameEngine\gameEngine\src\Colors.h(45,64): error C2864: 'Color::Grey': a static data member with an in-class initializer must have non-volatile const integral type or be specified as 'inline'
C:\Users\pwilt\source\repos\gameEngine\gameEngine\src\Colors.h(45,64): message : type is 'const ColorValues'
C:\Users\pwilt\source\repos\gameEngine\gameEngine\src\EntityManager.h(11,38): error C7525: inline variables require at least '/std:c++17'
  Game.cpp
C:\Users\pwilt\source\repos\gameEngine\gameEngine\src\Colors.h(39,34): error C7525: inline variables require at least '/std:c++17'
C:\Users\pwilt\source\repos\gameEngine\gameEngine\src\Colors.h(39,60): error C2864: 'Color::Red': a static data member with an in-class initializer must have non-volatile const integral type or be specified as 'inline'
C:\Users\pwilt\source\repos\gameEngine\gameEngine\src\Colors.h(39,60): message : type is 'const ColorValues'
C:\Users\pwilt\source\repos\gameEngine\gameEngine\src\Colors.h(40,34): error C7525: inline variables require at least '/std:c++17'
C:\Users\pwilt\source\repos\gameEngine\gameEngine\src\Colors.h(40,60): error C2864: 'Color::Blue': a static data member with an in-class initializer must have non-volatile const integral type or be specified as 'inline'
C:\Users\pwilt\source\repos\gameEngine\gameEngine\src\Colors.h(40,60): message : type is 'const ColorValues'
C:\Users\pwilt\source\repos\gameEngine\gameEngine\src\Colors.h(41,34): error C7525: inline variables require at least '/std:c++17'
C:\Users\pwilt\source\repos\gameEngine\gameEngine\src\Colors.h(41,60): error C2864: 'Color::Green': a static data member with an in-class initializer must have non-volatile const integral type or be specified as 'inline'
C:\Users\pwilt\source\repos\gameEngine\gameEngine\src\Colors.h(41,60): message : type is 'const ColorValues'
C:\Users\pwilt\source\repos\gameEngine\gameEngine\src\Colors.h(42,34): error C7525: inline variables require at least '/std:c++17'
C:\Users\pwilt\source\repos\gameEngine\gameEngine\src\Colors.h(42,58): error C2864: 'Color::Black': a static data member with an in-class initializer must have non-volatile const integral type or be specified as 'inline'
C:\Users\pwilt\source\repos\gameEngine\gameEngine\src\Colors.h(42,58): message : type is 'const ColorValues'
C:\Users\pwilt\source\repos\gameEngine\gameEngine\src\Colors.h(43,34): error C7525: inline variables require at least '/std:c++17'
C:\Users\pwilt\source\repos\gameEngine\gameEngine\src\Colors.h(43,62): error C2864: 'Color::Yellow': a static data member with an in-class initializer must have non-volatile const integral type or be specified as 'inline'
C:\Users\pwilt\source\repos\gameEngine\gameEngine\src\Colors.h(43,62): message : type is 'const ColorValues'
C:\Users\pwilt\source\repos\gameEngine\gameEngine\src\Colors.h(44,34): error C7525: inline variables require at least '/std:c++17'
C:\Users\pwilt\source\repos\gameEngine\gameEngine\src\Colors.h(44,64): error C2864: 'Color::White': a static data member with an in-class initializer must have non-volatile const integral type or be specified as 'inline'
C:\Users\pwilt\source\repos\gameEngine\gameEngine\src\Colors.h(44,64): message : type is 'const ColorValues'
C:\Users\pwilt\source\repos\gameEngine\gameEngine\src\Colors.h(45,34): error C7525: inline variables require at least '/std:c++17'
C:\Users\pwilt\source\repos\gameEngine\gameEngine\src\Colors.h(45,64): error C2864: 'Color::Grey': a static data member with an in-class initializer must have non-volatile const integral type or be specified as 'inline'
C:\Users\pwilt\source\repos\gameEngine\gameEngine\src\Colors.h(45,64): message : type is 'const ColorValues'
C:\Users\pwilt\source\repos\gameEngine\gameEngine\src\EntityManager.h(11,38): error C7525: inline variables require at least '/std:c++17'
C:\Users\pwilt\source\repos\gameEngine\gameEngine\src\LayerMatrix.h(23,30): error C7525: inline variables require at least '/std:c++17'
C:\Users\pwilt\source\repos\gameEngine\gameEngine\src\LayerMatrix.h(23,84): error C2864: 'LayerMatrix::matrixCheckBoxArray2D': a static data member with an in-class initializer must have non-volatile const integral type or be specified as 'inline'
C:\Users\pwilt\source\repos\gameEngine\gameEngine\src\LayerMatrix.h(23,84): message : type is 'std::string **'
C:\Users\pwilt\source\repos\gameEngine\gameEngine\src\Components\ColliderComponent.h(24,42): warning C4244: 'return': conversion from 'const int' to 'float', possible loss of data
C:\Users\pwilt\source\repos\gameEngine\gameEngine\src\Components\ColliderComponent.h(25,42): warning C4244: 'return': conversion from 'const int' to 'float', possible loss of data
C:\Users\pwilt\source\repos\gameEngine\gameEngine\src\Components\ColliderComponent.h(26,42): warning C4244: 'return': conversion from 'const int' to 'float', possible loss of data
C:\Users\pwilt\source\repos\gameEngine\gameEngine\src\Components\ColliderComponent.h(27,42): warning C4244: 'return': conversion from 'const int' to 'float', possible loss of data
C:\Users\pwilt\source\repos\gameEngine\gameEngine\src\Game.cpp(172,67): warning C4244: '=': conversion from 'T' to 'int', possible loss of data
          with
          [
              T=float
          ]
C:\Users\pwilt\source\repos\gameEngine\gameEngine\src\Game.cpp(173,67): warning C4244: '=': conversion from 'T' to 'int', possible loss of data
          with
          [
              T=float
          ]
  LayerMatrix.cpp
C:\Users\pwilt\source\repos\gameEngine\gameEngine\src\Colors.h(39,34): error C7525: inline variables require at least '/std:c++17'
C:\Users\pwilt\source\repos\gameEngine\gameEngine\src\Colors.h(39,60): error C2864: 'Color::Red': a static data member with an in-class initializer must have non-volatile const integral type or be specified as 'inline'
C:\Users\pwilt\source\repos\gameEngine\gameEngine\src\Colors.h(39,60): message : type is 'const ColorValues'
C:\Users\pwilt\source\repos\gameEngine\gameEngine\src\Colors.h(40,34): error C7525: inline variables require at least '/std:c++17'
C:\Users\pwilt\source\repos\gameEngine\gameEngine\src\Colors.h(40,60): error C2864: 'Color::Blue': a static data member with an in-class initializer must have non-volatile const integral type or be specified as 'inline'
C:\Users\pwilt\source\repos\gameEngine\gameEngine\src\Colors.h(40,60): message : type is 'const ColorValues'
C:\Users\pwilt\source\repos\gameEngine\gameEngine\src\Colors.h(41,34): error C7525: inline variables require at least '/std:c++17'
C:\Users\pwilt\source\repos\gameEngine\gameEngine\src\Colors.h(41,60): error C2864: 'Color::Green': a static data member with an in-class initializer must have non-volatile const integral type or be specified as 'inline'
C:\Users\pwilt\source\repos\gameEngine\gameEngine\src\Colors.h(41,60): message : type is 'const ColorValues'
C:\Users\pwilt\source\repos\gameEngine\gameEngine\src\Colors.h(42,34): error C7525: inline variables require at least '/std:c++17'
C:\Users\pwilt\source\repos\gameEngine\gameEngine\src\Colors.h(42,58): error C2864: 'Color::Black': a static data member with an in-class initializer must have non-volatile const integral type or be specified as 'inline'
C:\Users\pwilt\source\repos\gameEngine\gameEngine\src\Colors.h(42,58): message : type is 'const ColorValues'
C:\Users\pwilt\source\repos\gameEngine\gameEngine\src\Colors.h(43,34): error C7525: inline variables require at least '/std:c++17'
C:\Users\pwilt\source\repos\gameEngine\gameEngine\src\Colors.h(43,62): error C2864: 'Color::Yellow': a static data member with an in-class initializer must have non-volatile const integral type or be specified as 'inline'
C:\Users\pwilt\source\repos\gameEngine\gameEngine\src\Colors.h(43,62): message : type is 'const ColorValues'
C:\Users\pwilt\source\repos\gameEngine\gameEngine\src\Colors.h(44,34): error C7525: inline variables require at least '/std:c++17'
C:\Users\pwilt\source\repos\gameEngine\gameEngine\src\Colors.h(44,64): error C2864: 'Color::White': a static data member with an in-class initializer must have non-volatile const integral type or be specified as 'inline'
C:\Users\pwilt\source\repos\gameEngine\gameEngine\src\Colors.h(44,64): message : type is 'const ColorValues'
C:\Users\pwilt\source\repos\gameEngine\gameEngine\src\Colors.h(45,34): error C7525: inline variables require at least '/std:c++17'
C:\Users\pwilt\source\repos\gameEngine\gameEngine\src\Colors.h(45,64): error C2864: 'Color::Grey': a static data member with an in-class initializer must have non-volatile const integral type or be specified as 'inline'
C:\Users\pwilt\source\repos\gameEngine\gameEngine\src\Colors.h(45,64): message : type is 'const ColorValues'
C:\Users\pwilt\source\repos\gameEngine\gameEngine\src\LayerMatrix.h(23,30): error C7525: inline variables require at least '/std:c++17'
C:\Users\pwilt\source\repos\gameEngine\gameEngine\src\LayerMatrix.h(23,84): error C2864: 'LayerMatrix::matrixCheckBoxArray2D': a static data member with an in-class initializer must have non-volatile const integral type or be specified as 'inline'
C:\Users\pwilt\source\repos\gameEngine\gameEngine\src\LayerMatrix.h(23,84): message : type is 'std::string **'
  The contents of <optional> are available only with C++17 or later.
  The contents of <string_view> are available only with C++17 or later.
C:\Users\pwilt\source\repos\gameEngine\gameEngine\libs\magic_enum\include\magic_enum.hpp(99,23): error C2039: 'optional': is not a member of 'std'
C:\Program Files (x86)\Microsoft Visual Studio\2019\Community\VC\Tools\MSVC\14.28.29333\include\array(20): message : see declaration of 'std'
C:\Users\pwilt\source\repos\gameEngine\gameEngine\libs\magic_enum\include\magic_enum.hpp(99,1): error C2061: syntax error: identifier 'optional'
C:\Users\pwilt\source\repos\gameEngine\gameEngine\libs\magic_enum\include\magic_enum.hpp(106,26): error C2039: 'string_view': is not a member of 'std'
C:\Program Files (x86)\Microsoft Visual Studio\2019\Community\VC\Tools\MSVC\14.28.29333\include\array(20): message : see declaration of 'std'
C:\Users\pwilt\source\repos\gameEngine\gameEngine\libs\magic_enum\include\magic_enum.hpp(122,1): error C2631: 'enum_range': a class or enum cannot be defined in an alias template
C:\Users\pwilt\source\repos\gameEngine\gameEngine\src\LayerMatrix.cpp : error C2988: unrecognizable template declaration/definition
C:\Users\pwilt\source\repos\gameEngine\gameEngine\src\LayerMatrix.cpp : error C2059: syntax error: 'namespace'
C:\Users\pwilt\source\repos\gameEngine\gameEngine\src\LayerMatrix.cpp : fatal error C1903: unable to recover from previous error(s); stopping compilation
  Main.cpp
C:\Users\pwilt\source\repos\gameEngine\gameEngine\src\Colors.h(39,34): error C7525: inline variables require at least '/std:c++17'
C:\Users\pwilt\source\repos\gameEngine\gameEngine\src\Colors.h(39,60): error C2864: 'Color::Red': a static data member with an in-class initializer must have non-volatile const integral type or be specified as 'inline'
C:\Users\pwilt\source\repos\gameEngine\gameEngine\src\Colors.h(39,60): message : type is 'const ColorValues'
C:\Users\pwilt\source\repos\gameEngine\gameEngine\src\Colors.h(40,34): error C7525: inline variables require at least '/std:c++17'
C:\Users\pwilt\source\repos\gameEngine\gameEngine\src\Colors.h(40,60): error C2864: 'Color::Blue': a static data member with an in-class initializer must have non-volatile const integral type or be specified as 'inline'
C:\Users\pwilt\source\repos\gameEngine\gameEngine\src\Colors.h(40,60): message : type is 'const ColorValues'
C:\Users\pwilt\source\repos\gameEngine\gameEngine\src\Colors.h(41,34): error C7525: inline variables require at least '/std:c++17'
C:\Users\pwilt\source\repos\gameEngine\gameEngine\src\Colors.h(41,60): error C2864: 'Color::Green': a static data member with an in-class initializer must have non-volatile const integral type or be specified as 'inline'
C:\Users\pwilt\source\repos\gameEngine\gameEngine\src\Colors.h(41,60): message : type is 'const ColorValues'
C:\Users\pwilt\source\repos\gameEngine\gameEngine\src\Colors.h(42,34): error C7525: inline variables require at least '/std:c++17'
C:\Users\pwilt\source\repos\gameEngine\gameEngine\src\Colors.h(42,58): error C2864: 'Color::Black': a static data member with an in-class initializer must have non-volatile const integral type or be specified as 'inline'
C:\Users\pwilt\source\repos\gameEngine\gameEngine\src\Colors.h(42,58): message : type is 'const ColorValues'
C:\Users\pwilt\source\repos\gameEngine\gameEngine\src\Colors.h(43,34): error C7525: inline variables require at least '/std:c++17'
C:\Users\pwilt\source\repos\gameEngine\gameEngine\src\Colors.h(43,62): error C2864: 'Color::Yellow': a static data member with an in-class initializer must have non-volatile const integral type or be specified as 'inline'
C:\Users\pwilt\source\repos\gameEngine\gameEngine\src\Colors.h(43,62): message : type is 'const ColorValues'
C:\Users\pwilt\source\repos\gameEngine\gameEngine\src\Colors.h(44,34): error C7525: inline variables require at least '/std:c++17'
C:\Users\pwilt\source\repos\gameEngine\gameEngine\src\Colors.h(44,64): error C2864: 'Color::White': a static data member with an in-class initializer must have non-volatile const integral type or be specified as 'inline'
C:\Users\pwilt\source\repos\gameEngine\gameEngine\src\Colors.h(44,64): message : type is 'const ColorValues'
C:\Users\pwilt\source\repos\gameEngine\gameEngine\src\Colors.h(45,34): error C7525: inline variables require at least '/std:c++17'
C:\Users\pwilt\source\repos\gameEngine\gameEngine\src\Colors.h(45,64): error C2864: 'Color::Grey': a static data member with an in-class initializer must have non-volatile const integral type or be specified as 'inline'
C:\Users\pwilt\source\repos\gameEngine\gameEngine\src\Colors.h(45,64): message : type is 'const ColorValues'
C:\Users\pwilt\source\repos\gameEngine\gameEngine\src\EntityManager.h(11,38): error C7525: inline variables require at least '/std:c++17'
  Map.cpp
C:\Users\pwilt\source\repos\gameEngine\gameEngine\src\Colors.h(39,34): error C7525: inline variables require at least '/std:c++17'
C:\Users\pwilt\source\repos\gameEngine\gameEngine\src\Colors.h(39,60): error C2864: 'Color::Red': a static data member with an in-class initializer must have non-volatile const integral type or be specified as 'inline'
C:\Users\pwilt\source\repos\gameEngine\gameEngine\src\Colors.h(39,60): message : type is 'const ColorValues'
C:\Users\pwilt\source\repos\gameEngine\gameEngine\src\Colors.h(40,34): error C7525: inline variables require at least '/std:c++17'
C:\Users\pwilt\source\repos\gameEngine\gameEngine\src\Colors.h(40,60): error C2864: 'Color::Blue': a static data member with an in-class initializer must have non-volatile const integral type or be specified as 'inline'
C:\Users\pwilt\source\repos\gameEngine\gameEngine\src\Colors.h(40,60): message : type is 'const ColorValues'
C:\Users\pwilt\source\repos\gameEngine\gameEngine\src\Colors.h(41,34): error C7525: inline variables require at least '/std:c++17'
C:\Users\pwilt\source\repos\gameEngine\gameEngine\src\Colors.h(41,60): error C2864: 'Color::Green': a static data member with an in-class initializer must have non-volatile const integral type or be specified as 'inline'
C:\Users\pwilt\source\repos\gameEngine\gameEngine\src\Colors.h(41,60): message : type is 'const ColorValues'
C:\Users\pwilt\source\repos\gameEngine\gameEngine\src\Colors.h(42,34): error C7525: inline variables require at least '/std:c++17'
C:\Users\pwilt\source\repos\gameEngine\gameEngine\src\Colors.h(42,58): error C2864: 'Color::Black': a static data member with an in-class initializer must have non-volatile const integral type or be specified as 'inline'
C:\Users\pwilt\source\repos\gameEngine\gameEngine\src\Colors.h(42,58): message : type is 'const ColorValues'
C:\Users\pwilt\source\repos\gameEngine\gameEngine\src\Colors.h(43,34): error C7525: inline variables require at least '/std:c++17'
C:\Users\pwilt\source\repos\gameEngine\gameEngine\src\Colors.h(43,62): error C2864: 'Color::Yellow': a static data member with an in-class initializer must have non-volatile const integral type or be specified as 'inline'
C:\Users\pwilt\source\repos\gameEngine\gameEngine\src\Colors.h(43,62): message : type is 'const ColorValues'
C:\Users\pwilt\source\repos\gameEngine\gameEngine\src\Colors.h(44,34): error C7525: inline variables require at least '/std:c++17'
C:\Users\pwilt\source\repos\gameEngine\gameEngine\src\Colors.h(44,64): error C2864: 'Color::White': a static data member with an in-class initializer must have non-volatile const integral type or be specified as 'inline'
C:\Users\pwilt\source\repos\gameEngine\gameEngine\src\Colors.h(44,64): message : type is 'const ColorValues'
C:\Users\pwilt\source\repos\gameEngine\gameEngine\src\Colors.h(45,34): error C7525: inline variables require at least '/std:c++17'
C:\Users\pwilt\source\repos\gameEngine\gameEngine\src\Colors.h(45,64): error C2864: 'Color::Grey': a static data member with an in-class initializer must have non-volatile const integral type or be specified as 'inline'
C:\Users\pwilt\source\repos\gameEngine\gameEngine\src\Colors.h(45,64): message : type is 'const ColorValues'
C:\Users\pwilt\source\repos\gameEngine\gameEngine\src\EntityManager.h(11,38): error C7525: inline variables require at least '/std:c++17'
C:\Users\pwilt\source\repos\gameEngine\gameEngine\src\Components\TileComponent.h(31,16): warning C4244: '=': conversion from 'int' to 'T', possible loss of data
          with
          [
              T=float
          ]
C:\Users\pwilt\source\repos\gameEngine\gameEngine\src\Components\TileComponent.h(32,16): warning C4244: '=': conversion from 'int' to 'T', possible loss of data
          with
          [
              T=float
          ]
C:\Users\pwilt\source\repos\gameEngine\gameEngine\src\Components\TileComponent.h(41,39): warning C4244: '=': conversion from 'T' to 'int', possible loss of data
          with
          [
              T=float
          ]
C:\Users\pwilt\source\repos\gameEngine\gameEngine\src\Components\TileComponent.h(42,39): warning C4244: '=': conversion from 'T' to 'int', possible loss of data
          with
          [
              T=float
          ]
  TextureManager.cpp
C:\Users\pwilt\source\repos\gameEngine\gameEngine\src\Colors.h(39,34): error C7525: inline variables require at least '/std:c++17'
C:\Users\pwilt\source\repos\gameEngine\gameEngine\src\Colors.h(39,60): error C2864: 'Color::Red': a static data member with an in-class initializer must have non-volatile const integral type or be specified as 'inline'
C:\Users\pwilt\source\repos\gameEngine\gameEngine\src\Colors.h(39,60): message : type is 'const ColorValues'
C:\Users\pwilt\source\repos\gameEngine\gameEngine\src\Colors.h(40,34): error C7525: inline variables require at least '/std:c++17'
C:\Users\pwilt\source\repos\gameEngine\gameEngine\src\Colors.h(40,60): error C2864: 'Color::Blue': a static data member with an in-class initializer must have non-volatile const integral type or be specified as 'inline'
C:\Users\pwilt\source\repos\gameEngine\gameEngine\src\Colors.h(40,60): message : type is 'const ColorValues'
C:\Users\pwilt\source\repos\gameEngine\gameEngine\src\Colors.h(41,34): error C7525: inline variables require at least '/std:c++17'
C:\Users\pwilt\source\repos\gameEngine\gameEngine\src\Colors.h(41,60): error C2864: 'Color::Green': a static data member with an in-class initializer must have non-volatile const integral type or be specified as 'inline'
C:\Users\pwilt\source\repos\gameEngine\gameEngine\src\Colors.h(41,60): message : type is 'const ColorValues'
C:\Users\pwilt\source\repos\gameEngine\gameEngine\src\Colors.h(42,34): error C7525: inline variables require at least '/std:c++17'
C:\Users\pwilt\source\repos\gameEngine\gameEngine\src\Colors.h(42,58): error C2864: 'Color::Black': a static data member with an in-class initializer must have non-volatile const integral type or be specified as 'inline'
C:\Users\pwilt\source\repos\gameEngine\gameEngine\src\Colors.h(42,58): message : type is 'const ColorValues'
C:\Users\pwilt\source\repos\gameEngine\gameEngine\src\Colors.h(43,34): error C7525: inline variables require at least '/std:c++17'
C:\Users\pwilt\source\repos\gameEngine\gameEngine\src\Colors.h(43,62): error C2864: 'Color::Yellow': a static data member with an in-class initializer must have non-volatile const integral type or be specified as 'inline'
C:\Users\pwilt\source\repos\gameEngine\gameEngine\src\Colors.h(43,62): message : type is 'const ColorValues'
C:\Users\pwilt\source\repos\gameEngine\gameEngine\src\Colors.h(44,34): error C7525: inline variables require at least '/std:c++17'
C:\Users\pwilt\source\repos\gameEngine\gameEngine\src\Colors.h(44,64): error C2864: 'Color::White': a static data member with an in-class initializer must have non-volatile const integral type or be specified as 'inline'
C:\Users\pwilt\source\repos\gameEngine\gameEngine\src\Colors.h(44,64): message : type is 'const ColorValues'
C:\Users\pwilt\source\repos\gameEngine\gameEngine\src\Colors.h(45,34): error C7525: inline variables require at least '/std:c++17'
C:\Users\pwilt\source\repos\gameEngine\gameEngine\src\Colors.h(45,64): error C2864: 'Color::Grey': a static data member with an in-class initializer must have non-volatile const integral type or be specified as 'inline'
C:\Users\pwilt\source\repos\gameEngine\gameEngine\src\Colors.h(45,64): message : type is 'const ColorValues'
C:\Users\pwilt\source\repos\gameEngine\gameEngine\src\EntityManager.h(11,38): error C7525: inline variables require at least '/std:c++17'
  Generating Code...
