  glm.cpp
  imgui.cpp
  imgui_demo.cpp
  imgui_draw.cpp
  imgui_sdl.cpp
  imgui_widgets.cpp
  Animation.cpp
  AssetManager.cpp
  Collision.cpp
  Entity.cpp
  EntityManager.cpp
C:\Users\pwilt\source\repos\gameEngine\gameEngine\src\EntityManager.cpp(106,21): warning C4018: '<': signed/unsigned mismatch
  FontManager.cpp
  Game.cpp
  LayerMatrix.cpp
C:\Users\pwilt\source\repos\gameEngine\gameEngine\src\LayerMatrix.cpp(49,19): warning C4018: '>=': signed/unsigned mismatch
  Main.cpp
  Map.cpp
C:\Users\pwilt\source\repos\gameEngine\gameEngine\src\Components\TileComponent.h(31,16): warning C4244: '=': conversion from 'int' to 'T', possible loss of data
          with
          [
              T=float
          ]
C:\Users\pwilt\source\repos\gameEngine\gameEngine\src\Components\TileComponent.h(32,16): warning C4244: '=': conversion from 'int' to 'T', possible loss of data
          with
          [
              T=float
          ]
C:\Users\pwilt\source\repos\gameEngine\gameEngine\src\Components\TileComponent.h(41,39): warning C4244: '=': conversion from 'T' to 'int', possible loss of data
          with
          [
              T=float
          ]
C:\Users\pwilt\source\repos\gameEngine\gameEngine\src\Components\TileComponent.h(42,39): warning C4244: '=': conversion from 'T' to 'int', possible loss of data
          with
          [
              T=float
          ]
  TextureManager.cpp
  Generating code
  Previous IPDB not found, fall back to full compilation.
  All 1269 functions were compiled because no usable IPDB/IOBJ from previous compilation was found.
  Finished generating code
  gameEngine.vcxproj -> C:\Users\pwilt\source\repos\gameEngine\Release\gameEngine.exe
